<?xml version="1.0" encoding="UTF-8"?>
<!-- Generated by org.testng.reporters.JUnitXMLReporter -->
<testsuite ignored="0" hostname="ASCINLAP61476" failures="0" tests="3" name="FirefoxTest" time="1.763" errors="0" timestamp="2025-10-15T12:15:50 IST">
  <testcase classname="pack1.TC008_testNG" name="f" time="0.0">
    <skipped/>
  </testcase> <!-- f -->
  <testcase classname="pack1.TC008_testNG" name="f" time="0.0">
    <skipped/>
  </testcase> <!-- f -->
  <testcase classname="pack1.TC008_testNG" name="test2" time="0.0">
    <skipped/>
  </testcase> <!-- test2 -->
</testsuite> <!-- FirefoxTest -->
